<?xml version="1.0" encoding="UTF-8"?>
<testsuite name="NumericMatrixProcessorTest" tests="1" skipped="0" failures="0" errors="0" timestamp="2021-08-28T16:57:20" hostname="DESKTOP-QHOQ9DU" time="0.341">
  <properties/>
  <testcase name="start" classname="NumericMatrixProcessorTest" time="0.341"/>
  <system-out><![CDATA[?[1;31m
Start test 1?[0m
1. Add matrices
2. Multiply matrix by a constant
3. Multiply matrices
4. Transpose matrix
5. Calculate a determinant
0. Exit
Your choice: > 1
Enter size of first matrix: > 3 3
Enter first matrix:
> 3 4 55
> 4 1 1
> 9 0 0
Enter size of second matrix: > 3 3
Enter second matrix:
> 4 9 77
> 13 22 44
> 56 57 78
The result is:
7.000000 13.000000 132.000000 
17.000000 23.000000 45.000000 
65.000000 57.000000 78.000000 
1. Add matrices
2. Multiply matrix by a constant
3. Multiply matrices
4. Transpose matrix
5. Calculate a determinant
0. Exit
Your choice: > 0
?[1;31m
Start test 2?[0m
1. Add matrices
2. Multiply matrix by a constant
3. Multiply matrices
4. Transpose matrix
5. Calculate a determinant
0. Exit
Your choice: > 1
Enter size of first matrix: > 4 4
Enter first matrix:
> -0.3 677.4 435.2 123.33
> 1.3 141.4 0.11 1411.4
> 231.33 113.4 99.9 999.9
> 1002.22 123.44 55.66 13.3
Enter size of second matrix: > 4 4
Enter second matrix:
> 43.43 234.22 876.6 13.2
> -5.5 -0.3 -1.2 10.2
> -1.0 0.8 0.8 -9.5
> -45.5 45.5 56.5 13.7
The result is:
43.130000 911.620000 1311.800000 136.530000 
-4.200000 141.100000 -1.090000 1421.600000 
230.330000 114.200000 100.700000 990.400000 
956.720000 168.940000 112.160000 27.000000 
1. Add matrices
2. Multiply matrix by a constant
3. Multiply matrices
4. Transpose matrix
5. Calculate a determinant
0. Exit
Your choice: > 0
?[1;31m
Start test 3?[0m
1. Add matrices
2. Multiply matrix by a constant
3. Multiply matrices
4. Transpose matrix
5. Calculate a determinant
0. Exit
Your choice: > 2
Enter size of matrix: > 3 3
Enter matrix:
> 11 234 444
> 456 343 222
> 997 456 456
Enter constant: > 17
The result is:
187.000000 3978.000000 7548.000000 
7752.000000 5831.000000 3774.000000 
16949.000000 7752.000000 7752.000000 
1. Add matrices
2. Multiply matrix by a constant
3. Multiply matrices
4. Transpose matrix
5. Calculate a determinant
0. Exit
Your choice: > 0
?[1;31m
Start test 4?[0m
1. Add matrices
2. Multiply matrix by a constant
3. Multiply matrices
4. Transpose matrix
5. Calculate a determinant
0. Exit
Your choice: > 2
Enter size of matrix: > 4 4
Enter matrix:
> 10123 53455 999345 21312
> 13559 77654 231221 34534
> 12312 23412 342342 525255
> 99713 88123 123123 121111
Enter constant: > 111
The result is:
1123653.000000 5933505.000000 110927295.000000 2365632.000000 
1505049.000000 8619594.000000 25665531.000000 3833274.000000 
1366632.000000 2598732.000000 37999962.000000 58303305.000000 
11068143.000000 9781653.000000 13666653.000000 13443321.000000 
1. Add matrices
2. Multiply matrix by a constant
3. Multiply matrices
4. Transpose matrix
5. Calculate a determinant
0. Exit
Your choice: > 0
?[1;31m
Start test 5?[0m
1. Add matrices
2. Multiply matrix by a constant
3. Multiply matrices
4. Transpose matrix
5. Calculate a determinant
0. Exit
Your choice: > 3
Enter size of first matrix: Enter size of first matrix: > 4 4
Enter first matrix:
> 1 2 2 7
> 3 3 4 5
> 5 0 0 1
> 0 1 0 8
Enter size of second matrix: > 4 4
Enter second matrix:
> 9 8 7 13
> 15 14 0 1
> 3 7 2 3
> 0 9 0 35
The result is:
45.000000 113.000000 11.000000 266.000000 
84.000000 139.000000 29.000000 229.000000 
45.000000 49.000000 35.000000 100.000000 
15.000000 86.000000 0.000000 281.000000 
1. Add matrices
2. Multiply matrix by a constant
3. Multiply matrices
4. Transpose matrix
5. Calculate a determinant
0. Exit
Your choice: > 0
?[1;31m
Start test 6?[0m
1. Add matrices
2. Multiply matrix by a constant
3. Multiply matrices
4. Transpose matrix
5. Calculate a determinant
0. Exit
Your choice: > 3
Enter size of first matrix: Enter size of first matrix: > 2 3
Enter first matrix:
> 1 0 17
> 15 19 7
Enter size of second matrix: > 3 4
Enter second matrix:
> 5 6 78 9
> 29 31 47 1
> 14 17 0 3
The result is:
243.000000 295.000000 78.000000 60.000000 
724.000000 798.000000 2063.000000 175.000000 
1. Add matrices
2. Multiply matrix by a constant
3. Multiply matrices
4. Transpose matrix
5. Calculate a determinant
0. Exit
Your choice: > 0
?[1;31m
Start test 7?[0m
1. Add matrices
2. Multiply matrix by a constant
3. Multiply matrices
4. Transpose matrix
5. Calculate a determinant
0. Exit
Your choice: > 3
Enter size of first matrix: Enter size of first matrix: > 3 5
Enter first matrix:
> 1 4 5 6 6
> 7 8 9 0 0
> 4 1 2 2 2
Enter size of second matrix: > 5 2
Enter second matrix:
> 4 5
> 6 1
> 6 0
> 0 9
> 7 7
The result is:
100.000000 105.000000 
130.000000 43.000000 
48.000000 53.000000 
1. Add matrices
2. Multiply matrix by a constant
3. Multiply matrices
4. Transpose matrix
5. Calculate a determinant
0. Exit
Your choice: > 0
?[1;31m
Start test 8?[0m
1. Add matrices
2. Multiply matrix by a constant
3. Multiply matrices
4. Transpose matrix
5. Calculate a determinant
0. Exit
Your choice: > 3
Enter size of first matrix: Enter size of first matrix: > 4 4
Enter first matrix:
> 0.65 0.67 76.4 23.2
> -0.7 -13.1 -7.2 9.2
> -0.7 -5.5 -1.5 0.4
> -1.0 12.6 0.8 -0.4
Enter size of second matrix: > 4 4
Enter second matrix:
> -5.5 -0.3 -1.2 10.2
> -1.0 0.8 0.8 -9.5
> -45.5 45.5 56.5 13.7
> -10.7 11.9 2.2 1.2
The result is:
-3728.685000 3752.621000 4367.396000 1074.785000 
246.110000 -228.390000 -396.200000 29.710000 
73.320000 -67.680000 -87.430000 25.040000 
-39.220000 42.020000 55.600000 -119.420000 
1. Add matrices
2. Multiply matrix by a constant
3. Multiply matrices
4. Transpose matrix
5. Calculate a determinant
0. Exit
Your choice: > 0
?[1;31m
Start test 9?[0m
1. Add matrices
2. Multiply matrix by a constant
3. Multiply matrices
4. Transpose matrix
5. Calculate a determinant
0. Exit
Your choice: > 3
Enter size of first matrix: Enter size of first matrix: > 4 4
Enter first matrix:
> 0.65 0.67 76.4 23.2
> -0.7 -13.1 -7.2 9.2
> -0.7 -5.5 -1.5 0.4
> -1.0 12.6 0.8 -0.4
Enter size of second matrix: > 4 4
Enter second matrix:
> -5.5 -0.3 -1.2 10.2
> -1.0 0.8 0.8 -9.5
> -45.5 45.5 56.5 13.7
> -10.7 11.9 2.2 1.2
The result is:
-3728.685000 3752.621000 4367.396000 1074.785000 
246.110000 -228.390000 -396.200000 29.710000 
73.320000 -67.680000 -87.430000 25.040000 
-39.220000 42.020000 55.600000 -119.420000 
1. Add matrices
2. Multiply matrix by a constant
3. Multiply matrices
4. Transpose matrix
5. Calculate a determinant
0. Exit
Your choice: > 3
Enter size of first matrix: Enter size of first matrix: > 3 5
Enter first matrix:
> 1 4 5 6 6
> 7 8 9 0 0
> 4 1 2 2 2
Enter size of second matrix: > 5 2
Enter second matrix:
> 4 5
> 6 1
> 6 0
> 0 9
> 7 7
The result is:
100.000000 105.000000 
130.000000 43.000000 
48.000000 53.000000 
1. Add matrices
2. Multiply matrix by a constant
3. Multiply matrices
4. Transpose matrix
5. Calculate a determinant
0. Exit
Your choice: > 0
?[1;31m
Start test 10?[0m
1. Add matrices
2. Multiply matrix by a constant
3. Multiply matrices
4. Transpose matrix
5. Calculate a determinant
0. Exit
Your choice: > 4
1. Main diagonal
2. Side diagonal
3. Vertical line
4. Horizontal line
Your choice: > 1
Enter matrix size: > 3 3
> 1 7 7
> 6 6 4
> 4 2 1
The result is:
1.000000 6.000000 4.000000 
7.000000 6.000000 2.000000 
7.000000 4.000000 1.000000 
1. Add matrices
2. Multiply matrix by a constant
3. Multiply matrices
4. Transpose matrix
5. Calculate a determinant
0. Exit
Your choice: > 0
?[1;31m
Start test 11?[0m
1. Add matrices
2. Multiply matrix by a constant
3. Multiply matrices
4. Transpose matrix
5. Calculate a determinant
0. Exit
Your choice: > 4
1. Main diagonal
2. Side diagonal
3. Vertical line
4. Horizontal line
Your choice: > 1
Enter matrix size: > 3 3
> 1 7 7
> 6 6 4
> 4 5 1
The result is:
1.000000 6.000000 4.000000 
7.000000 6.000000 5.000000 
7.000000 4.000000 1.000000 
1. Add matrices
2. Multiply matrix by a constant
3. Multiply matrices
4. Transpose matrix
5. Calculate a determinant
0. Exit
Your choice: > 0
?[1;31m
Start test 12?[0m
1. Add matrices
2. Multiply matrix by a constant
3. Multiply matrices
4. Transpose matrix
5. Calculate a determinant
0. Exit
Your choice: > 4
1. Main diagonal
2. Side diagonal
3. Vertical line
4. Horizontal line
Your choice: > 2
Enter matrix size: > 3 3
> 1 2 4
> 4 6 6
> 7 7 1
The result is:
1.000000 6.000000 4.000000 
7.000000 6.000000 2.000000 
7.000000 4.000000 1.000000 
1. Add matrices
2. Multiply matrix by a constant
3. Multiply matrices
4. Transpose matrix
5. Calculate a determinant
0. Exit
Your choice: > 0
?[1;31m
Start test 13?[0m
1. Add matrices
2. Multiply matrix by a constant
3. Multiply matrices
4. Transpose matrix
5. Calculate a determinant
0. Exit
Your choice: > 4
1. Main diagonal
2. Side diagonal
3. Vertical line
4. Horizontal line
Your choice: > 2
Enter matrix size: > 3 3
> 1 5 4
> 4 6 6
> 7 7 1.0
The result is:
1.000000 6.000000 4.000000 
7.000000 6.000000 5.000000 
7.000000 4.000000 1.000000 
1. Add matrices
2. Multiply matrix by a constant
3. Multiply matrices
4. Transpose matrix
5. Calculate a determinant
0. Exit
Your choice: > 0
?[1;31m
Start test 14?[0m
1. Add matrices
2. Multiply matrix by a constant
3. Multiply matrices
4. Transpose matrix
5. Calculate a determinant
0. Exit
Your choice: > 4
1. Main diagonal
2. Side diagonal
3. Vertical line
4. Horizontal line
Your choice: > 3
Enter matrix size: > 4 4
> 6 5 4 2
> 8 7 6 6
> 1 0 0 5.0
> 9 2 8 8
The result is:
2.000000 4.000000 5.000000 6.000000 
6.000000 6.000000 7.000000 8.000000 
5.000000 0.000000 0.000000 1.000000 
8.000000 8.000000 2.000000 9.000000 
1. Add matrices
2. Multiply matrix by a constant
3. Multiply matrices
4. Transpose matrix
5. Calculate a determinant
0. Exit
Your choice: > 0
?[1;31m
Start test 15?[0m
1. Add matrices
2. Multiply matrix by a constant
3. Multiply matrices
4. Transpose matrix
5. Calculate a determinant
0. Exit
Your choice: > 4
1. Main diagonal
2. Side diagonal
3. Vertical line
4. Horizontal line
Your choice: > 4
Enter matrix size: > 4 4
> 8 8 2 9
> 5 0 0 1
> 6 6 7 8.0
> 2 4 5 6
The result is:
2.000000 4.000000 5.000000 6.000000 
6.000000 6.000000 7.000000 8.000000 
5.000000 0.000000 0.000000 1.000000 
8.000000 8.000000 2.000000 9.000000 
1. Add matrices
2. Multiply matrix by a constant
3. Multiply matrices
4. Transpose matrix
5. Calculate a determinant
0. Exit
Your choice: > 0
?[1;31m
Start test 16?[0m
1. Add matrices
2. Multiply matrix by a constant
3. Multiply matrices
4. Transpose matrix
5. Calculate a determinant
0. Exit
Your choice: > 5
Enter size of matrix: > 3 3
Enter matrix:
> 1 2 3
> 4 5 7
> 10 22 23
The result is:
31.000000
1. Add matrices
2. Multiply matrix by a constant
3. Multiply matrices
4. Transpose matrix
5. Calculate a determinant
0. Exit
Your choice: > 0
?[1;31m
Start test 17?[0m
1. Add matrices
2. Multiply matrix by a constant
3. Multiply matrices
4. Transpose matrix
5. Calculate a determinant
0. Exit
Your choice: > 5
Enter size of matrix: > 4 4
Enter matrix:
> 2.65 3.54 3.88 8.99
> 3.12 5.45 7.77 5.56
> 5.31 2.23 2.33 9.81
> 1.67 1.67 1.01 9.99
The result is:
45.219727
1. Add matrices
2. Multiply matrix by a constant
3. Multiply matrices
4. Transpose matrix
5. Calculate a determinant
0. Exit
Your choice: > 0
]]></system-out>
  <system-err><![CDATA[]]></system-err>
</testsuite>
